uBridge version 0.9.19 running with libpcap version 1.10.5 (with TPACKET_V3)
Hypervisor TCP control server started (IP 0.0.0.0 port 43519).
UDP tunnel connecting from local port 10011 to IPv4 address 127.0.0.1 on port 10010
UDP tunnel connecting from local port 10000 to IPv4 address 127.0.0.1 on port 10001
Source NIO listener thread for QEMU-320238a3-401b-4091-9681-95215669b4c4-1 has started
Destination NIO listener thread for QEMU-320238a3-401b-4091-9681-95215669b4c4-1 has started
recv: Connection refused
recv: Connection refused
recv: Connection refused
recv: Connection refused
recv: Connection refused
recv: Connection refused
recv: Connection refused
recv: Connection refused
recv: Connection refused
recv: Connection refused
recv: Connection refused
recv: Connection refused
send: Connection refused
recv: Connection refused
recv: Connection refused
